Starting OrderBackendApplication on malindeMacBook-Pro.local with PID 929 (/Users/malin/IdeaProjects/order_backend/target/classes started by malin in /Users/malin/IdeaProjects/order_backend)
No active profile set, falling back to default profiles: default
Bootstrapping Spring Data JPA repositories in DEFAULT mode.
Finished Spring Data repository scanning in 56ms. Found 5 JPA repository interfaces.
No MyBatis mapper was found in '[com.malin.order_backend]' package. Please check your configuration.
Bean 'org.springframework.transaction.annotation.ProxyTransactionManagementConfiguration' of type [org.springframework.transaction.annotation.ProxyTransactionManagementConfiguration] is not eligible for getting processed by all BeanPostProcessors (for example: not eligible for auto-proxying)
Tomcat initialized with port(s): 8080 (http)
Initializing ProtocolHandler ["http-nio-8080"]
Starting service [Tomcat]
Starting Servlet engine: [Apache Tomcat/9.0.30]
Initializing Spring embedded WebApplicationContext
Root WebApplicationContext: initialization completed in 1448 ms
HHH000204: Processing PersistenceUnitInfo [name: default]
HHH000412: Hibernate Core {5.4.10.Final}
HCANN000001: Hibernate Commons Annotations {5.1.0.Final}
HikariPool-1 - Starting...
HikariPool-1 - Start completed.
HHH000400: Using dialect: org.hibernate.dialect.MySQL8Dialect
HHH000490: Using JtaPlatform implementation: [org.hibernate.engine.transaction.jta.platform.internal.NoJtaPlatform]
Initialized JPA EntityManagerFactory for persistence unit 'default'
spring.jpa.open-in-view is enabled by default. Therefore, database queries may be performed during view rendering. Explicitly configure spring.jpa.open-in-view to disable this warning
Mapped URL path [/v2/api-docs] onto method [springfox.documentation.swagger2.web.Swagger2Controller#getDocumentation(String, HttpServletRequest)]
Initializing ExecutorService 'applicationTaskExecutor'
Context refreshed
Found 1 custom documentation plugin(s)
Scanning for api listing references
Generating unique operation named: listUsingGET_1
Generating unique operation named: createUsingPOST_1
Generating unique operation named: listUsingGET_2
Generating unique operation named: cancelUsingPOST_1
Generating unique operation named: detailUsingGET_1
Generating unique operation named: listUsingGET_3
Generating unique operation named: listUsingGET_4
Generating unique operation named: saveUsingPOST_1
Starting ProtocolHandler ["http-nio-8080"]
Tomcat started on port(s): 8080 (http) with context path '/order_backend'
Started OrderBackendApplication in 5.309 seconds (JVM running for 6.34)
Shutting down ExecutorService 'applicationTaskExecutor'
Closing JPA EntityManagerFactory for persistence unit 'default'
HikariPool-1 - Shutdown initiated...
HikariPool-1 - Shutdown completed.
